make all --print-data-base --no-builtin-variables --no-builtin-rules --question
# GNU Make 3.81
# Copyright (C) 2006  Free Software Foundation, Inc.
# This is free software; see the source for copying conditions.
# There is NO warranty; not even for MERCHANTABILITY or FITNESS FOR A
# PARTICULAR PURPOSE.

# This program built for i386-apple-darwin11.3.0

# Make data base, printed on Sat Jul  2 18:04:18 2022

# Variables

# automatic
<D = $(patsubst %/,%,$(dir $<))
# automatic
?F = $(notdir $?)
# makefile (from `Makefile', line 42)
OBJ := main.o Animal.o Cat.o Dog.o WrongAnimal.o WrongCat.o
# makefile (from `Makefile', line 40)
SRC = main.cpp Animal.cpp Cat.cpp Dog.cpp WrongAnimal.cpp WrongCat.cpp
# environment
VSCODE_LOG_NATIVE = false
# automatic
?D = $(patsubst %/,%,$(dir $?))
# environment
ARCHFLAGS = -arch x86_64
# makefile (from `Makefile', line 31)
INCLUDES = -I /includes
# automatic
@D = $(patsubst %/,%,$(dir $@))
# automatic
@F = $(notdir $@)
# makefile
CURDIR := /Users/abou/Desktop/CPP04/ex01
# makefile
SHELL = /bin/sh
# environment
VSCODE_NLS_CONFIG = {"locale":"en-gb","availableLanguages":{},"_languagePackSupport":true}
# environment
_ = /usr/bin/make
# makefile (from `Makefile', line 29)
CFLAGS = -Wall -Wextra -Werror -std=c++98
# makefile (from `Makefile', line 1)
MAKEFILE_LIST :=  Makefile
# environment
VSCODE_VERBOSE_LOGGING = true
# environment
__CFBundleIdentifier = com.microsoft.VSCode
# environment
VSCODE_IPC_HOOK_EXTHOST = /var/folders/2z/n_j1frln1rq2q__6qhnmdmrr0000gn/T/vscode-ipc-819987b1-1daa-47f7-bed5-f2dc3f29aa99.sock
# environment
VSCODE_CWD = /
# environment
PATH = /Users/abou/Library/Python/3.8/bin:/Users/abou/bin:/usr/local/bin:/usr/local/bin:/usr/bin:/bin:/usr/sbin:/sbin
# makefile (from `Makefile', line 45)
DIROBJS = $(addprefix $(DIROBJ), $(OBJ))
# environment
LSCOLORS = Gxfxcxdxbxegedabagacad
# environment
VSCODE_LOG_STACK = false
# environment
ELECTRON_RUN_AS_NODE = 1
# makefile (from `Makefile', line 33)
LDFLAGS = 
# default
.FEATURES := target-specific order-only second-expansion else-if archives jobserver check-symlink
# environment
SSH_AUTH_SOCK = /private/tmp/com.apple.launchd.g5dOMgM7aY/Listeners
# automatic
%F = $(notdir $%)
# environment
VSCODE_PIPE_LOGGING = true
# environment
PWD = /Users/abou/Desktop/CPP04/ex01
# environment
ORIGINAL_XDG_CURRENT_DESKTOP = undefined
# makefile (from `Makefile', line 6)
GREEN = \033[32;1m
# environment
VSCODE_AMD_ENTRYPOINT = vs/workbench/api/node/extensionHostProcess
# environment
HOME = /Users/abou
# default
MAKEFILEPATH = $(shell /usr/bin/xcode-select -print-path 2>/dev/null || echo /Developer)/Makefiles
# environment
VSCODE_CODE_CACHE_PATH = /Users/abou/Library/Application Support/Code/CachedData/30d9c6cd9483b2cc586687151bcbcd635f373630
# environment
LOGNAME = abou
# environment
APPLICATION_INSIGHTS_NO_DIAGNOSTIC_CHANNEL = 1
# environment
ZSH = /Users/abou/.oh-my-zsh
# environment
VSCODE_HANDLES_UNCAUGHT_ERRORS = true
# automatic
^D = $(patsubst %/,%,$(dir $^))
# environment
XPC_FLAGS = 0x0
# default
MAKE = $(MAKE_COMMAND)
# default
MAKECMDGOALS := all
# environment
SHLVL = 1
# makefile (from `Makefile', line 11)
WHITE = \033[0;m
# makefile (from `Makefile', line 27)
CC = c++
# default
MAKE_VERSION := 3.81
# environment
USER = abou
# makefile
.DEFAULT_GOAL := all
# makefile (from `Makefile', line 17)
NAME = a.out
# environment
LESS = -R
# automatic
%D = $(patsubst %/,%,$(dir $%))
# makefile (from `Makefile', line 21)
DIROBJ = objs/
# default
MAKE_COMMAND := /Library/Developer/CommandLineTools/usr/bin/make
# default
.VARIABLES := 
# environment
TMPDIR = /var/folders/2z/n_j1frln1rq2q__6qhnmdmrr0000gn/T/
# automatic
*F = $(notdir $*)
# environment
VSCODE_IPC_HOOK = /Users/abou/Library/Application Support/Code/1.68.1-main.sock
# makefile (from `Makefile', line 7)
RED = \033[31;1m
# makefile
MAKEFLAGS = Rrqp
# environment
MFLAGS = -Rrqp
# automatic
*D = $(patsubst %/,%,$(dir $*))
# environment
XPC_SERVICE_NAME = application.com.microsoft.VSCode.24425393.24425399
# automatic
+D = $(patsubst %/,%,$(dir $+))
# makefile (from `Makefile', line 8)
YELLOW = \033[33;1m
# makefile (from `Makefile', line 9)
CYAN = \033[36;1m
# automatic
+F = $(notdir $+)
# environment
__CF_USER_TEXT_ENCODING = 0x1F5:0x0:0x0
# environment
COMMAND_MODE = unix2003
# default
MAKEFILES := 
# automatic
<F = $(notdir $<)
# environment
PAGER = less
# environment
LC_ALL = C
# makefile (from `Makefile', line 10)
RESET = \033[0m
# automatic
^F = $(notdir $^)
# default
SUFFIXES := 
# default
.INCLUDE_DIRS = /usr/local/include
# environment
MAKELEVEL := 0
# makefile (from `Makefile', line 19)
DIRSRC = src/
# environment
LANG = C
# environment
VSCODE_PID = 91221
# variable set hash-table stats:
# Load=83/1024=8%, Rehash=0, Collisions=4/120=3%

# Pattern-specific Variable Values

# No pattern-specific variable values.

# Directories

# . (device 16777230, inode 26305243): 17 files, no impossibilities.

# 17 files, no impossibilities in 1 directories.

# Implicit Rules

objs/%.o: ./%.cpp
#  commands to execute (from `Makefile', line 55):
	@mkdir -p $(DIROBJ)
	@$(CC) $(CFLAGS) $(INCLUDES) -c $< -o $@
	

# 1 implicit rules, 0 (0.0%) terminal.

# Files

objs/main.o: main.cpp
#  Implicit rule search has been done.
#  Implicit/static pattern stem: `main'
#  File does not exist.
#  File has been updated.
#  Needs to be updated (-q is set).
# automatic
# @ := objs/main.o
# automatic
# % := 
# automatic
# * := main
# automatic
# + := main.cpp
# automatic
# | := 
# automatic
# < := main.cpp
# automatic
# ^ := main.cpp
# automatic
# ? := main.cpp
# variable set hash-table stats:
# Load=8/32=25%, Rehash=0, Collisions=4/16=25%
#  commands to execute (from `Makefile', line 55):
	@mkdir -p $(DIROBJ)
	@$(CC) $(CFLAGS) $(INCLUDES) -c $< -o $@
	

all: a.out
#  Phony target (prerequisite of .PHONY).
#  Command-line target.
#  Implicit rule search has not been done.
#  File does not exist.
#  File has been updated.
#  Needs to be updated (-q is set).
# variable set hash-table stats:
# Load=0/32=0%, Rehash=0, Collisions=0/6=0%

.PHONY: all clean fclean re
#  Implicit rule search has not been done.
#  Modification time never checked.
#  File has not been updated.

# Not a target:
.SUFFIXES:
#  Implicit rule search has not been done.
#  Modification time never checked.
#  File has not been updated.

# Not a target:
Makefile:
#  Implicit rule search has been done.
#  Last modified 2022-07-02 18:03:30
#  File has been updated.
#  Successfully updated.
# variable set hash-table stats:
# Load=0/32=0%, Rehash=0, Collisions=0/0=0%

# Not a target:
objs/Cat.o:
#  Implicit rule search has not been done.
#  Modification time never checked.
#  File has not been updated.

# Not a target:
main.cpp:
#  Implicit rule search has been done.
#  Last modified 2022-07-02 18:03:30
#  File has been updated.
#  Successfully updated.
# variable set hash-table stats:
# Load=0/32=0%, Rehash=0, Collisions=0/0=0%

a.out: objs/main.o objs/Animal.o objs/Cat.o objs/Dog.o objs/WrongAnimal.o objs/WrongCat.o
#  Implicit rule search has not been done.
#  File does not exist.
#  File has been updated.
#  Needs to be updated (-q is set).
# variable set hash-table stats:
# Load=0/32=0%, Rehash=0, Collisions=0/6=0%
#  commands to execute (from `Makefile', line 59):
	@printf "\033[2K\r $(_YELLOW)Compiling and linking all the files $(_END)⌛"
	@$(CC) $(CFLAGS) $(DIROBJS) $(INCLUDES)  $(LDFLAGS) -o $@
	@printf "\n[$(GREEN)OK$(WHITE)] $(NAME) generated \n"
	

fclean: clean
#  Phony target (prerequisite of .PHONY).
#  Implicit rule search has not been done.
#  File does not exist.
#  File has not been updated.
#  commands to execute (from `Makefile', line 69):
	@rm -rf $(NAME)
	@printf "\n[$(GREEN)cleaned$(WHITE)] $(NAME) \n"
	

# Not a target:
.DEFAULT:
#  Implicit rule search has not been done.
#  Modification time never checked.
#  File has not been updated.

re: fclean all
#  Phony target (prerequisite of .PHONY).
#  Implicit rule search has not been done.
#  File does not exist.
#  File has not been updated.

# Not a target:
objs/Animal.o:
#  Implicit rule search has not been done.
#  Modification time never checked.
#  File has not been updated.

clean:
#  Phony target (prerequisite of .PHONY).
#  Implicit rule search has not been done.
 
#  File does not exist.
#  File has not been updated.
#  commands to execute (from `Makefile', line 65):
	@rm -rf $(OBJS)	$(DIROBJ)
	@printf "\n[$(GREEN)cleaned$(WHITE)] .o FILES \n"
	

# Not a target:
objs/WrongAnimal.o:
#  Implicit rule search has not been done.
#  Modification time never checked.
#  File has not been updated.

# Not a target:
objs/WrongCat.o:
#  Implicit rule search has not been done.
#  Modification time never checked.
#  File has not been updated.

# Not a target:
objs/Dog.o:
#  Implicit rule search has not been done.
#  Modification time never checked.
#  File has not been updated.

# files hash-table stats:
# Load=16/1024=2%, Rehash=0, Collisions=0/46=0%
# VPATH Search Paths

# No `vpath' search paths.

# No general (`VPATH' variable) search path.

# # of strings in strcache: 1
# # of strcache buffers: 1
# strcache size: total = 4096 / max = 4096 / min = 4096 / avg = 4096
# strcache free: total = 4087 / max = 4087 / min = 4087 / avg = 4087

# Finished Make data base on Sat Jul  2 18:04:18 2022

 
